c:\users\usuario\workspace\cpp\cpptools\win\cpptoolsdev\cpptoolsdev\debug\vc142.pdb
c:\users\usuario\workspace\cpp\cpptools\win\cpptoolsdev\cpptoolsdev\debug\vc142.idb
c:\users\usuario\workspace\cpp\cpptools\win\cpptoolsdev\cpptoolsdev\debug\strbuffer.obj
c:\users\usuario\workspace\cpp\cpptools\win\cpptoolsdev\cpptoolsdev\debug\console.obj
c:\users\usuario\workspace\cpp\cpptools\win\cpptoolsdev\cpptoolsdev\debug\main.obj
c:\users\usuario\workspace\cpp\cpptools\win\cpptoolsdev\cpptoolsdev\debug\intbuffer.obj
c:\users\usuario\workspace\cpp\cpptools\win\cpptoolsdev\cpptoolsdev\debug\inireader.obj
c:\users\usuario\workspace\cpp\cpptools\win\cpptoolsdev\cpptoolsdev\debug\ini.obj
c:\users\usuario\workspace\cpp\cpptools\win\cpptoolsdev\cpptoolsdev\debug\doublebuffer.obj
c:\users\usuario\workspace\cpp\cpptools\win\cpptoolsdev\cpptoolsdev\debug\csv.obj
c:\users\usuario\workspace\cpp\cpptools\win\cpptoolsdev\cpptoolsdev\debug\cppfunctions.obj
c:\users\usuario\workspace\cpp\cpptools\win\cpptoolsdev\cpptoolsdev\debug\unity.obj
c:\users\usuario\workspace\cpp\cpptools\win\cpptoolsdev\debug\cpptoolsdev.lib
c:\users\usuario\workspace\cpp\cpptools\win\cpptoolsdev\debug\cpptoolsdev.exp
c:\users\usuario\workspace\cpp\cpptools\win\cpptoolsdev\debug\cpptoolsdev.pdb
c:\users\usuario\workspace\cpp\cpptools\win\cpptoolsdev\cpptoolsdev\debug\cpptoolsdev.tlog\cl.command.1.tlog
c:\users\usuario\workspace\cpp\cpptools\win\cpptoolsdev\cpptoolsdev\debug\cpptoolsdev.tlog\cl.read.1.tlog
c:\users\usuario\workspace\cpp\cpptools\win\cpptoolsdev\cpptoolsdev\debug\cpptoolsdev.tlog\cl.write.1.tlog
c:\users\usuario\workspace\cpp\cpptools\win\cpptoolsdev\cpptoolsdev\debug\cpptoolsdev.tlog\cpptoolsdev.write.1u.tlog
c:\users\usuario\workspace\cpp\cpptools\win\cpptoolsdev\cpptoolsdev\debug\cpptoolsdev.tlog\link-cvtres.read.1.tlog
c:\users\usuario\workspace\cpp\cpptools\win\cpptoolsdev\cpptoolsdev\debug\cpptoolsdev.tlog\link-cvtres.write.1.tlog
c:\users\usuario\workspace\cpp\cpptools\win\cpptoolsdev\cpptoolsdev\debug\cpptoolsdev.tlog\link-rc.read.1.tlog
c:\users\usuario\workspace\cpp\cpptools\win\cpptoolsdev\cpptoolsdev\debug\cpptoolsdev.tlog\link-rc.write.1.tlog
c:\users\usuario\workspace\cpp\cpptools\win\cpptoolsdev\cpptoolsdev\debug\cpptoolsdev.tlog\link.2376-cvtres.read.1.tlog
c:\users\usuario\workspace\cpp\cpptools\win\cpptoolsdev\cpptoolsdev\debug\cpptoolsdev.tlog\link.2376-cvtres.write.1.tlog
c:\users\usuario\workspace\cpp\cpptools\win\cpptoolsdev\cpptoolsdev\debug\cpptoolsdev.tlog\link.2376-rc.read.1.tlog
c:\users\usuario\workspace\cpp\cpptools\win\cpptoolsdev\cpptoolsdev\debug\cpptoolsdev.tlog\link.2376-rc.write.1.tlog
c:\users\usuario\workspace\cpp\cpptools\win\cpptoolsdev\cpptoolsdev\debug\cpptoolsdev.tlog\link.2376.read.1.tlog
c:\users\usuario\workspace\cpp\cpptools\win\cpptoolsdev\cpptoolsdev\debug\cpptoolsdev.tlog\link.2376.write.1.tlog
c:\users\usuario\workspace\cpp\cpptools\win\cpptoolsdev\cpptoolsdev\debug\cpptoolsdev.tlog\link.4632.delete.1.tlog
c:\users\usuario\workspace\cpp\cpptools\win\cpptoolsdev\cpptoolsdev\debug\cpptoolsdev.tlog\link.command.1.tlog
c:\users\usuario\workspace\cpp\cpptools\win\cpptoolsdev\cpptoolsdev\debug\cpptoolsdev.tlog\link.delete.1.tlog
c:\users\usuario\workspace\cpp\cpptools\win\cpptoolsdev\cpptoolsdev\debug\cpptoolsdev.tlog\link.read.1.tlog
c:\users\usuario\workspace\cpp\cpptools\win\cpptoolsdev\cpptoolsdev\debug\cpptoolsdev.tlog\link.write.1.tlog
