  main.cpp
C:\Users\Usuario\Workspace\Cpp\CppTools\Win\CppToolsDev\CppToolsDev\include\ini\INIReader.h(64,37): warning C4251: 'INIReader::_values': class 'std::map<std::string,std::string,std::less<std::string>,std::allocator<std::pair<const std::string,std::string>>>' precisa ter dll-interface para ser usado por clientes de class 'INIReader'
C:\Users\Usuario\Workspace\Cpp\CppTools\Win\CppToolsDev\CppToolsDev\include\ini\INIReader.h(64): message : consulte a declaração de 'std::map<std::string,std::string,std::less<std::string>,std::allocator<std::pair<const std::string,std::string>>>'
C:\Users\Usuario\Workspace\Cpp\CppTools\Win\CppToolsDev\CppToolsDev\main.cpp(116,2): warning C4002: muitos argumentos para a invocação de macro de função 'TEST_ASSERT_EQUAL_INT'
C:\Users\Usuario\Workspace\Cpp\CppTools\Win\CppToolsDev\CppToolsDev\main.cpp(122,2): warning C4002: muitos argumentos para a invocação de macro de função 'TEST_ASSERT_EQUAL_INT'
C:\Users\Usuario\Workspace\Cpp\CppTools\Win\CppToolsDev\CppToolsDev\main.cpp(129,2): warning C4002: muitos argumentos para a invocação de macro de função 'TEST_ASSERT_EQUAL_STRING'
  Console.cpp
  cppfunctions.cpp
  Csv.cpp
  DoubleBuffer.cpp
  ini.cpp
  INIReader.cpp
C:\Users\Usuario\Workspace\Cpp\CppTools\Win\CppToolsDev\CppToolsDev\include\ini\INIReader.h(64,37): warning C4251: 'INIReader::_values': class 'std::map<std::string,std::string,std::less<std::string>,std::allocator<std::pair<const std::string,std::string>>>' precisa ter dll-interface para ser usado por clientes de class 'INIReader'
C:\Users\Usuario\Workspace\Cpp\CppTools\Win\CppToolsDev\CppToolsDev\include\ini\INIReader.h(64): message : consulte a declaração de 'std::map<std::string,std::string,std::less<std::string>,std::allocator<std::pair<const std::string,std::string>>>'
  IntBuffer.cpp
  StrBuffer.cpp
  Gerando Código...
  unity.c
     Criando biblioteca C:\Users\Usuario\Workspace\Cpp\CppTools\Win\CppToolsDev\Debug\CppToolsDev.lib e objeto C:\Users\Usuario\Workspace\Cpp\CppTools\Win\CppToolsDev\Debug\CppToolsDev.exp
main.obj : error LNK2019: símbolo externo não resolvido, _cJSON_Version, referenciado na função "void __cdecl test_cjson(void)" (?test_cjson@@YAXXZ)
main.obj : error LNK2019: símbolo externo não resolvido, _cJSON_Print, referenciado na função "int __cdecl print_preallocated(struct cJSON *)" (?print_preallocated@@YAHPAUcJSON@@@Z)
main.obj : error LNK2019: símbolo externo não resolvido, _cJSON_PrintPreallocated, referenciado na função "int __cdecl print_preallocated(struct cJSON *)" (?print_preallocated@@YAHPAUcJSON@@@Z)
main.obj : error LNK2019: símbolo externo não resolvido, _cJSON_Delete, referenciado na função "void __cdecl create_objects(void)" (?create_objects@@YAXXZ)
main.obj : error LNK2019: símbolo externo não resolvido, _cJSON_CreateString, referenciado na função "void __cdecl create_objects(void)" (?create_objects@@YAXXZ)
main.obj : error LNK2019: símbolo externo não resolvido, _cJSON_CreateArray, referenciado na função "void __cdecl create_objects(void)" (?create_objects@@YAXXZ)
main.obj : error LNK2019: símbolo externo não resolvido, _cJSON_CreateObject, referenciado na função "void __cdecl create_objects(void)" (?create_objects@@YAXXZ)
main.obj : error LNK2019: símbolo externo não resolvido, _cJSON_CreateIntArray, referenciado na função "void __cdecl create_objects(void)" (?create_objects@@YAXXZ)
main.obj : error LNK2019: símbolo externo não resolvido, _cJSON_CreateStringArray, referenciado na função "void __cdecl create_objects(void)" (?create_objects@@YAXXZ)
main.obj : error LNK2019: símbolo externo não resolvido, _cJSON_AddItemToArray, referenciado na função "void __cdecl create_objects(void)" (?create_objects@@YAXXZ)
main.obj : error LNK2019: símbolo externo não resolvido, _cJSON_AddItemToObject, referenciado na função "void __cdecl create_objects(void)" (?create_objects@@YAXXZ)
main.obj : error LNK2019: símbolo externo não resolvido, _cJSON_AddFalseToObject, referenciado na função "void __cdecl create_objects(void)" (?create_objects@@YAXXZ)
main.obj : error LNK2019: símbolo externo não resolvido, _cJSON_AddNumberToObject, referenciado na função "void __cdecl create_objects(void)" (?create_objects@@YAXXZ)
main.obj : error LNK2019: símbolo externo não resolvido, _cJSON_AddStringToObject, referenciado na função "void __cdecl create_objects(void)" (?create_objects@@YAXXZ)
C:\Users\Usuario\Workspace\Cpp\CppTools\Win\CppToolsDev\Debug\CppToolsDev.exe : fatal error LNK1120: 14 externo não resolvidos
