c:\users\anderson_paschoalon\workspace\_personal\cpptools\windows\wincpptools\wincpptools\debug\vc142.pdb
c:\users\anderson_paschoalon\workspace\_personal\cpptools\windows\wincpptools\wincpptools\debug\vc142.idb
c:\users\anderson_paschoalon\workspace\_personal\cpptools\windows\wincpptools\wincpptools\debug\utils.obj
c:\users\anderson_paschoalon\workspace\_personal\cpptools\windows\wincpptools\wincpptools\debug\strbuffer.obj
c:\users\anderson_paschoalon\workspace\_personal\cpptools\windows\wincpptools\wincpptools\debug\main.obj
c:\users\anderson_paschoalon\workspace\_personal\cpptools\windows\wincpptools\wincpptools\debug\intbuffer.obj
c:\users\anderson_paschoalon\workspace\_personal\cpptools\windows\wincpptools\wincpptools\debug\inireader.obj
c:\users\anderson_paschoalon\workspace\_personal\cpptools\windows\wincpptools\wincpptools\debug\ini.obj
c:\users\anderson_paschoalon\workspace\_personal\cpptools\windows\wincpptools\wincpptools\debug\doublebuffer.obj
c:\users\anderson_paschoalon\workspace\_personal\cpptools\windows\wincpptools\wincpptools\debug\csv.obj
c:\users\anderson_paschoalon\workspace\_personal\cpptools\windows\wincpptools\wincpptools\debug\cpptools_unitytests.obj
c:\users\anderson_paschoalon\workspace\_personal\cpptools\windows\wincpptools\wincpptools\debug\console.obj
c:\users\anderson_paschoalon\workspace\_personal\cpptools\windows\wincpptools\wincpptools\debug\cppfunctions.obj
c:\users\anderson_paschoalon\workspace\_personal\cpptools\windows\wincpptools\wincpptools\debug\unity.obj
c:\users\anderson_paschoalon\workspace\_personal\cpptools\windows\wincpptools\debug\wincpptools.pdb
c:\users\anderson_paschoalon\workspace\_personal\cpptools\windows\wincpptools\wincpptools\debug\wincpptools.tlog\cl.command.1.tlog
c:\users\anderson_paschoalon\workspace\_personal\cpptools\windows\wincpptools\wincpptools\debug\wincpptools.tlog\cl.read.1.tlog
c:\users\anderson_paschoalon\workspace\_personal\cpptools\windows\wincpptools\wincpptools\debug\wincpptools.tlog\cl.write.1.tlog
c:\users\anderson_paschoalon\workspace\_personal\cpptools\windows\wincpptools\wincpptools\debug\wincpptools.tlog\link-cvtres.read.1.tlog
c:\users\anderson_paschoalon\workspace\_personal\cpptools\windows\wincpptools\wincpptools\debug\wincpptools.tlog\link-cvtres.write.1.tlog
c:\users\anderson_paschoalon\workspace\_personal\cpptools\windows\wincpptools\wincpptools\debug\wincpptools.tlog\link-rc.read.1.tlog
c:\users\anderson_paschoalon\workspace\_personal\cpptools\windows\wincpptools\wincpptools\debug\wincpptools.tlog\link-rc.write.1.tlog
c:\users\anderson_paschoalon\workspace\_personal\cpptools\windows\wincpptools\wincpptools\debug\wincpptools.tlog\link.command.1.tlog
c:\users\anderson_paschoalon\workspace\_personal\cpptools\windows\wincpptools\wincpptools\debug\wincpptools.tlog\link.read.1.tlog
c:\users\anderson_paschoalon\workspace\_personal\cpptools\windows\wincpptools\wincpptools\debug\wincpptools.tlog\link.write.1.tlog
