  dllmain.cpp
  Console.cpp
  cppfunctions.cpp
  Csv.cpp
  DoubleBuffer.cpp
  ini.cpp
  INIReader.cpp
C:\Users\anderson_paschoalon\Workspace\_Personal\CppTools\Windows\WinCppTools\CppTools\include\INIReader.h(64,44): warning C4251: 'INIReader::_values': class 'std::map<std::string,std::string,std::less<std::string>,std::allocator<std::pair<const std::string,std::string>>>' needs to have dll-interface to be used by clients of class 'INIReader'
C:\Users\anderson_paschoalon\Workspace\_Personal\CppTools\Windows\WinCppTools\CppTools\include\INIReader.h(64): message : see declaration of 'std::map<std::string,std::string,std::less<std::string>,std::allocator<std::pair<const std::string,std::string>>>'
  IntBuffer.cpp
  main.cpp
C:\Users\anderson_paschoalon\Workspace\_Personal\CppTools\Windows\WinCppTools\CppTools\include\INIReader.h(64,44): warning C4251: 'INIReader::_values': class 'std::map<std::string,std::string,std::less<std::string>,std::allocator<std::pair<const std::string,std::string>>>' needs to have dll-interface to be used by clients of class 'INIReader'
C:\Users\anderson_paschoalon\Workspace\_Personal\CppTools\Windows\WinCppTools\CppTools\include\INIReader.h(64): message : see declaration of 'std::map<std::string,std::string,std::less<std::string>,std::allocator<std::pair<const std::string,std::string>>>'
C:\Users\anderson_paschoalon\Workspace\_Personal\CppTools\Windows\WinCppTools\CppTools\src\main.cpp(100,2): warning C4002: too many arguments for function-like macro invocation 'TEST_ASSERT_EQUAL_INT'
C:\Users\anderson_paschoalon\Workspace\_Personal\CppTools\Windows\WinCppTools\CppTools\src\main.cpp(106,2): warning C4002: too many arguments for function-like macro invocation 'TEST_ASSERT_EQUAL_INT'
C:\Users\anderson_paschoalon\Workspace\_Personal\CppTools\Windows\WinCppTools\CppTools\src\main.cpp(113,2): warning C4002: too many arguments for function-like macro invocation 'TEST_ASSERT_EQUAL_STRING'
  StrBuffer.cpp
  Generating Code...
  unity.c
     Creating library C:\Users\anderson_paschoalon\Workspace\_Personal\CppTools\Windows\WinCppTools\Debug\CppTools.lib and object C:\Users\anderson_paschoalon\Workspace\_Personal\CppTools\Windows\WinCppTools\Debug\CppTools.exp
  CppTools.vcxproj -> C:\Users\anderson_paschoalon\Workspace\_Personal\CppTools\Windows\WinCppTools\Debug\CppTools.dll
