c:\users\anderson_paschoalon\workspace\_personal\cpptools\windows\wincpptools\cpptools\debug\vc142.pdb
c:\users\anderson_paschoalon\workspace\_personal\cpptools\windows\wincpptools\cpptools\debug\vc142.idb
c:\users\anderson_paschoalon\workspace\_personal\cpptools\windows\wincpptools\cpptools\debug\strbuffer.obj
c:\users\anderson_paschoalon\workspace\_personal\cpptools\windows\wincpptools\cpptools\debug\main.obj
c:\users\anderson_paschoalon\workspace\_personal\cpptools\windows\wincpptools\cpptools\debug\intbuffer.obj
c:\users\anderson_paschoalon\workspace\_personal\cpptools\windows\wincpptools\cpptools\debug\inireader.obj
c:\users\anderson_paschoalon\workspace\_personal\cpptools\windows\wincpptools\cpptools\debug\ini.obj
c:\users\anderson_paschoalon\workspace\_personal\cpptools\windows\wincpptools\cpptools\debug\doublebuffer.obj
c:\users\anderson_paschoalon\workspace\_personal\cpptools\windows\wincpptools\cpptools\debug\csv.obj
c:\users\anderson_paschoalon\workspace\_personal\cpptools\windows\wincpptools\cpptools\debug\cppfunctions.obj
c:\users\anderson_paschoalon\workspace\_personal\cpptools\windows\wincpptools\cpptools\debug\console.obj
c:\users\anderson_paschoalon\workspace\_personal\cpptools\windows\wincpptools\cpptools\debug\dllmain.obj
c:\users\anderson_paschoalon\workspace\_personal\cpptools\windows\wincpptools\cpptools\debug\unity.obj
c:\users\anderson_paschoalon\workspace\_personal\cpptools\windows\wincpptools\debug\cpptools.lib
c:\users\anderson_paschoalon\workspace\_personal\cpptools\windows\wincpptools\debug\cpptools.exp
c:\users\anderson_paschoalon\workspace\_personal\cpptools\windows\wincpptools\debug\cpptools.ilk
c:\users\anderson_paschoalon\workspace\_personal\cpptools\windows\wincpptools\debug\cpptools.dll
c:\users\anderson_paschoalon\workspace\_personal\cpptools\windows\wincpptools\debug\cpptools.pdb
c:\users\anderson_paschoalon\workspace\_personal\cpptools\windows\wincpptools\cpptools\debug\cpptools.tlog\cl.command.1.tlog
c:\users\anderson_paschoalon\workspace\_personal\cpptools\windows\wincpptools\cpptools\debug\cpptools.tlog\cl.read.1.tlog
c:\users\anderson_paschoalon\workspace\_personal\cpptools\windows\wincpptools\cpptools\debug\cpptools.tlog\cl.write.1.tlog
c:\users\anderson_paschoalon\workspace\_personal\cpptools\windows\wincpptools\cpptools\debug\cpptools.tlog\cpptools.write.1u.tlog
c:\users\anderson_paschoalon\workspace\_personal\cpptools\windows\wincpptools\cpptools\debug\cpptools.tlog\link.command.1.tlog
c:\users\anderson_paschoalon\workspace\_personal\cpptools\windows\wincpptools\cpptools\debug\cpptools.tlog\link.read.1.tlog
c:\users\anderson_paschoalon\workspace\_personal\cpptools\windows\wincpptools\cpptools\debug\cpptools.tlog\link.write.1.tlog
